Der Buildvorgang wurde am 20.08.2015 16:26:48 gestartet.
     1>Projekt "C:\Users\mens\Source\Repos\VC\ProjektX\ProjektX\ProjektX.vcxproj" auf Knoten "2", Build Ziel(e).
     1>ClCompile:
         C:\Program Files (x86)\Microsoft Visual Studio 14.0\VC\bin\x86_amd64\CL.exe /c /IC:\Users\Public\VC\Praktikum\opencv\build\x64\vc12\..\..\include /ZI /nologo /W3 /WX- /sdl /Od /D _MBCS /Gm /EHsc /RTC1 /MDd /GS /fp:precise /Zc:wchar_t /Zc:forScope /Zc:inline /Fo"x64\Debug\\" /Fd"x64\Debug\vc140.pdb" /Gd /TP /errorReport:prompt Projection.cpp Projektion.cpp Quelle2.cpp
         Quelle2.cpp
         Projektion.cpp
     1>c:\users\mens\source\repos\vc\projektx\projektx\projektion.cpp(21): error C2065: "Mat": nichtdeklarierter Bezeichner
     1>c:\users\mens\source\repos\vc\projektx\projektx\projektion.cpp(21): error C2146: Syntaxfehler: Fehlendes ";" vor Bezeichner "change"
     1>c:\users\mens\source\repos\vc\projektx\projektx\projektion.cpp(21): error C2146: Syntaxfehler: Fehlendes ")" vor Bezeichner "image"
     1>c:\users\mens\source\repos\vc\projektx\projektx\projektion.cpp(22): error C2143: Syntaxfehler: Es fehlt ";" vor "{"
     1>c:\users\mens\source\repos\vc\projektx\projektx\projektion.cpp(24): error C2065: "dz": nichtdeklarierter Bezeichner
     1>c:\users\mens\source\repos\vc\projektx\projektx\projektion.cpp(25): error C2065: "Mat": nichtdeklarierter Bezeichner
     1>c:\users\mens\source\repos\vc\projektx\projektx\projektion.cpp(25): error C2146: Syntaxfehler: Fehlendes ";" vor Bezeichner "imageOut"
     1>c:\users\mens\source\repos\vc\projektx\projektx\projektion.cpp(25): error C2065: "imageOut": nichtdeklarierter Bezeichner
     1>c:\users\mens\source\repos\vc\projektx\projektx\projektion.cpp(25): error C2065: "image": nichtdeklarierter Bezeichner
     1>c:\users\mens\source\repos\vc\projektx\projektx\projektion.cpp(28): error C2065: "alpha": nichtdeklarierter Bezeichner
     1>c:\users\mens\source\repos\vc\projektx\projektx\projektion.cpp(29): error C2065: "beta": nichtdeklarierter Bezeichner
     1>c:\users\mens\source\repos\vc\projektx\projektx\projektion.cpp(30): error C2065: "gamma": nichtdeklarierter Bezeichner
     1>c:\users\mens\source\repos\vc\projektx\projektx\projektion.cpp(33): error C2065: "image": nichtdeklarierter Bezeichner
     1>c:\users\mens\source\repos\vc\projektx\projektx\projektion.cpp(33): error C2228: Links von ".cols" müssen sich in einer Klasse/Struktur/Union befinden
         c:\users\mens\source\repos\vc\projektx\projektx\projektion.cpp(33): note: Typ ist "unknown-type"
     1>c:\users\mens\source\repos\vc\projektx\projektx\projektion.cpp(34): error C2065: "image": nichtdeklarierter Bezeichner
     1>c:\users\mens\source\repos\vc\projektx\projektx\projektion.cpp(34): error C2228: Links von ".rows" müssen sich in einer Klasse/Struktur/Union befinden
         c:\users\mens\source\repos\vc\projektx\projektx\projektion.cpp(34): note: Typ ist "unknown-type"
     1>c:\users\mens\source\repos\vc\projektx\projektx\projektion.cpp(37): error C2065: "Mat": nichtdeklarierter Bezeichner
     1>c:\users\mens\source\repos\vc\projektx\projektx\projektion.cpp(37): error C2146: Syntaxfehler: Fehlendes ";" vor Bezeichner "A1"
     1>c:\users\mens\source\repos\vc\projektx\projektx\projektion.cpp(37): error C2065: "A1": nichtdeklarierter Bezeichner
     1>c:\users\mens\source\repos\vc\projektx\projektx\projektion.cpp(37): error C2065: "Mat_": nichtdeklarierter Bezeichner
     1>c:\users\mens\source\repos\vc\projektx\projektx\projektion.cpp(37): error C2062: "double"-Typ unerwartet
     1>c:\users\mens\source\repos\vc\projektx\projektx\projektion.cpp(44): error C2065: "Mat": nichtdeklarierter Bezeichner
     1>c:\users\mens\source\repos\vc\projektx\projektx\projektion.cpp(44): error C2146: Syntaxfehler: Fehlendes ";" vor Bezeichner "RX"
     1>c:\users\mens\source\repos\vc\projektx\projektx\projektion.cpp(44): error C2065: "RX": nichtdeklarierter Bezeichner
     1>c:\users\mens\source\repos\vc\projektx\projektx\projektion.cpp(44): error C2065: "Mat_": nichtdeklarierter Bezeichner
     1>c:\users\mens\source\repos\vc\projektx\projektx\projektion.cpp(44): error C2062: "double"-Typ unerwartet
     1>c:\users\mens\source\repos\vc\projektx\projektx\projektion.cpp(50): error C2065: "Mat": nichtdeklarierter Bezeichner
     1>c:\users\mens\source\repos\vc\projektx\projektx\projektion.cpp(50): error C2146: Syntaxfehler: Fehlendes ";" vor Bezeichner "RY"
     1>c:\users\mens\source\repos\vc\projektx\projektx\projektion.cpp(50): error C2065: "RY": nichtdeklarierter Bezeichner
     1>c:\users\mens\source\repos\vc\projektx\projektx\projektion.cpp(50): error C2065: "Mat_": nichtdeklarierter Bezeichner
     1>c:\users\mens\source\repos\vc\projektx\projektx\projektion.cpp(50): error C2062: "double"-Typ unerwartet
     1>c:\users\mens\source\repos\vc\projektx\projektx\projektion.cpp(56): error C2065: "Mat": nichtdeklarierter Bezeichner
     1>c:\users\mens\source\repos\vc\projektx\projektx\projektion.cpp(56): error C2146: Syntaxfehler: Fehlendes ";" vor Bezeichner "RZ"
     1>c:\users\mens\source\repos\vc\projektx\projektx\projektion.cpp(56): error C2065: "RZ": nichtdeklarierter Bezeichner
     1>c:\users\mens\source\repos\vc\projektx\projektx\projektion.cpp(56): error C2065: "Mat_": nichtdeklarierter Bezeichner
     1>c:\users\mens\source\repos\vc\projektx\projektx\projektion.cpp(56): error C2062: "double"-Typ unerwartet
     1>c:\users\mens\source\repos\vc\projektx\projektx\projektion.cpp(63): error C2065: "Mat": nichtdeklarierter Bezeichner
     1>c:\users\mens\source\repos\vc\projektx\projektx\projektion.cpp(63): error C2146: Syntaxfehler: Fehlendes ";" vor Bezeichner "R"
     1>c:\users\mens\source\repos\vc\projektx\projektx\projektion.cpp(63): error C2065: "R": nichtdeklarierter Bezeichner
     1>c:\users\mens\source\repos\vc\projektx\projektx\projektion.cpp(63): error C2065: "RX": nichtdeklarierter Bezeichner
     1>c:\users\mens\source\repos\vc\projektx\projektx\projektion.cpp(63): error C2065: "RY": nichtdeklarierter Bezeichner
     1>c:\users\mens\source\repos\vc\projektx\projektx\projektion.cpp(63): error C2065: "RZ": nichtdeklarierter Bezeichner
     1>c:\users\mens\source\repos\vc\projektx\projektx\projektion.cpp(66): error C2065: "Mat": nichtdeklarierter Bezeichner
     1>c:\users\mens\source\repos\vc\projektx\projektx\projektion.cpp(66): error C2146: Syntaxfehler: Fehlendes ";" vor Bezeichner "T"
     1>c:\users\mens\source\repos\vc\projektx\projektx\projektion.cpp(66): error C2065: "T": nichtdeklarierter Bezeichner
     1>c:\users\mens\source\repos\vc\projektx\projektx\projektion.cpp(66): error C2065: "Mat_": nichtdeklarierter Bezeichner
     1>c:\users\mens\source\repos\vc\projektx\projektx\projektion.cpp(66): error C2062: "double"-Typ unerwartet
     1>c:\users\mens\source\repos\vc\projektx\projektx\projektion.cpp(73): error C2065: "Mat": nichtdeklarierter Bezeichner
     1>c:\users\mens\source\repos\vc\projektx\projektx\projektion.cpp(73): error C2146: Syntaxfehler: Fehlendes ";" vor Bezeichner "A2"
     1>c:\users\mens\source\repos\vc\projektx\projektx\projektion.cpp(73): error C2065: "A2": nichtdeklarierter Bezeichner
     1>c:\users\mens\source\repos\vc\projektx\projektx\projektion.cpp(73): error C2065: "Mat_": nichtdeklarierter Bezeichner
     1>c:\users\mens\source\repos\vc\projektx\projektx\projektion.cpp(73): error C2062: "double"-Typ unerwartet
     1>c:\users\mens\source\repos\vc\projektx\projektx\projektion.cpp(79): error C2065: "Mat": nichtdeklarierter Bezeichner
     1>c:\users\mens\source\repos\vc\projektx\projektx\projektion.cpp(79): error C2146: Syntaxfehler: Fehlendes ";" vor Bezeichner "trans"
     1>c:\users\mens\source\repos\vc\projektx\projektx\projektion.cpp(79): error C2065: "trans": nichtdeklarierter Bezeichner
     1>c:\users\mens\source\repos\vc\projektx\projektx\projektion.cpp(79): error C2065: "A2": nichtdeklarierter Bezeichner
     1>c:\users\mens\source\repos\vc\projektx\projektx\projektion.cpp(79): error C2065: "T": nichtdeklarierter Bezeichner
     1>c:\users\mens\source\repos\vc\projektx\projektx\projektion.cpp(79): error C2065: "R": nichtdeklarierter Bezeichner
     1>c:\users\mens\source\repos\vc\projektx\projektx\projektion.cpp(79): error C2065: "A1": nichtdeklarierter Bezeichner
     1>c:\users\mens\source\repos\vc\projektx\projektx\projektion.cpp(82): error C2065: "image": nichtdeklarierter Bezeichner
     1>c:\users\mens\source\repos\vc\projektx\projektx\projektion.cpp(82): error C2065: "imageOut": nichtdeklarierter Bezeichner
     1>c:\users\mens\source\repos\vc\projektx\projektx\projektion.cpp(82): error C2065: "trans": nichtdeklarierter Bezeichner
     1>c:\users\mens\source\repos\vc\projektx\projektx\projektion.cpp(82): error C2228: Links von ".size" müssen sich in einer Klasse/Struktur/Union befinden
         c:\users\mens\source\repos\vc\projektx\projektx\projektion.cpp(82): note: Typ ist "unknown-type"
     1>c:\users\mens\source\repos\vc\projektx\projektx\projektion.cpp(82): error C2065: "INTER_LANCZOS4": nichtdeklarierter Bezeichner
     1>c:\users\mens\source\repos\vc\projektx\projektx\projektion.cpp(82): error C3861: "warpPerspective": Bezeichner wurde nicht gefunden.
     1>c:\users\mens\source\repos\vc\projektx\projektx\projektion.cpp(83): error C2065: "imageOut": nichtdeklarierter Bezeichner
         Projection.cpp
     1>c:\users\mens\source\repos\vc\projektx\projektx\projection.cpp(33): error C2039: "change": Ist kein Element von "Projektion"
         c:\users\mens\source\repos\vc\projektx\projektx\projektion.h(9): note: Siehe Deklaration von "Projektion"
     1>c:\users\mens\source\repos\vc\projektx\projektx\projection.cpp(33): error C3861: "change": Bezeichner wurde nicht gefunden.
     1>c:\users\mens\source\repos\vc\projektx\projektx\projection.cpp(59): error C2059: Syntaxfehler: "}"
     1>c:\users\mens\source\repos\vc\projektx\projektx\projection.cpp(59): error C2143: Syntaxfehler: Es fehlt ";" vor "}"
         Code wird generiert...
     1>c:\users\mens\source\repos\vc\projektx\projektx\quelle2.cpp(34): error C4716: "main1": Muss einen Wert zurückgeben
     1>Die Erstellung des Projekts "C:\Users\mens\Source\Repos\VC\ProjektX\ProjektX\ProjektX.vcxproj" ist abgeschlossen, Build Ziel(e) -- FEHLER.

Fehler beim Buildvorgang.

Verstrichene Zeit 00:00:03.12
